TN:
SF:src/AlignedNFT.sol
FN:53,AlignedNFT.supportsInterface
FNDA:0,AlignedNFT.supportsInterface
DA:54,0
FN:58,AlignedNFT.vaultBalance
FNDA:512,AlignedNFT.vaultBalance
DA:59,512
FN:63,AlignedNFT.configureRoyaltyFee
FNDA:0,AlignedNFT.configureRoyaltyFee
DA:64,0
BRDA:64,0,0,-
BRDA:64,0,1,-
DA:65,0
FN:70,AlignedNFT.configureBlacklist
FNDA:0,AlignedNFT.configureBlacklist
DA:70,0
FN:73,AlignedNFT._enforceBlacklist
FNDA:2055,AlignedNFT._enforceBlacklist
DA:74,2055
DA:75,2055
BRDA:75,1,0,-
BRDA:75,1,1,-
DA:76,1542
DA:77,0
DA:78,0
DA:81,513
DA:82,0
DA:83,0
DA:84,0
DA:87,2055
BRDA:87,2,0,-
BRDA:87,2,1,2055
FN:91,AlignedNFT._changeFundsRecipient
FNDA:513,AlignedNFT._changeFundsRecipient
DA:92,513
BRDA:92,3,0,1
BRDA:92,3,1,512
DA:93,512
FN:97,AlignedNFT._mint
FNDA:2055,AlignedNFT._mint
DA:99,2055
DA:101,2055
BRDA:101,4,0,1
BRDA:101,4,1,2054
DA:103,2054
DA:105,2054
DA:107,2054
DA:110,2054
DA:112,2054
DA:113,2054
BRDA:113,5,0,-
BRDA:113,5,1,2054
DA:116,2054
DA:117,4886974
DA:118,4886974
FN:123,AlignedNFT._withdrawFunds
FNDA:772,AlignedNFT._withdrawFunds
DA:125,772
BRDA:125,6,0,1
BRDA:125,6,1,771
DA:126,771
BRDA:126,7,0,1
BRDA:126,7,1,770
DA:127,770
BRDA:127,8,0,512
BRDA:127,8,1,770
DA:130,770
DA:131,770
BRDA:131,9,0,1
BRDA:131,9,1,769
FNF:8
FNH:5
LF:33
LH:24
BRF:20
BRH:14
end_of_record
TN:
SF:src/AlignmentVault.sol
FN:37,ERC721TokenReceiver.onERC721Received
FNDA:1,ERC721TokenReceiver.onERC721Received
DA:43,1
FN:156,AlignmentVault._sortTokens
FNDA:262,AlignmentVault._sortTokens
DA:157,262
BRDA:157,0,0,1
BRDA:157,0,1,261
DA:158,261
DA:159,261
BRDA:159,1,0,2
BRDA:159,1,1,259
FN:163,AlignmentVault._pairFor
FNDA:1,AlignmentVault._pairFor
DA:164,1
DA:165,1
FN:175,AlignmentVault._estimateFloor
FNDA:261,AlignmentVault._estimateFloor
DA:177,261
DA:179,261
DA:181,261
BRDA:181,2,0,-
BRDA:181,2,1,261
DA:182,0
DA:183,261
DA:184,261
FN:214,AlignmentVault.checkBalanceNFT
FNDA:0,AlignmentVault.checkBalanceNFT
DA:214,0
FN:215,AlignmentVault.checkBalanceETH
FNDA:0,AlignmentVault.checkBalanceETH
DA:215,0
FN:216,AlignmentVault.checkBalanceWETH
FNDA:0,AlignmentVault.checkBalanceWETH
DA:216,0
FN:217,AlignmentVault.checkBalanceNFTXInventory
FNDA:0,AlignmentVault.checkBalanceNFTXInventory
DA:217,0
FN:218,AlignmentVault.checkBalanceNFTXLiquidity
FNDA:0,AlignmentVault.checkBalanceNFTXLiquidity
DA:218,0
FN:221,AlignmentVault.wrap
FNDA:260,AlignmentVault.wrap
DA:222,524
FN:226,AlignmentVault.decodeReservoirCalldata
FNDA:1,AlignmentVault.decodeReservoirCalldata
DA:228,1
DA:230,1
FN:234,AlignmentVault.decodeSeaportCalldata
FNDA:0,AlignmentVault.decodeSeaportCalldata
DA:240,0
DA:243,0
DA:244,0
DA:245,0
DA:248,0
DA:249,0
DA:250,0
DA:252,0
DA:253,0
DA:254,0
DA:255,0
DA:256,0
DA:257,0
DA:258,0
DA:262,0
DA:263,0
DA:264,0
DA:266,0
DA:267,0
DA:268,0
DA:269,0
DA:270,0
DA:271,0
DA:272,0
DA:273,0
DA:276,0
DA:277,0
DA:278,0
DA:279,0
DA:280,0
DA:281,0
DA:282,0
DA:283,0
DA:285,0
DA:286,0
DA:287,0
DA:288,0
DA:290,0
DA:293,0
DA:294,0
DA:295,0
DA:296,0
DA:298,0
DA:301,0
DA:302,0
DA:304,0
DA:305,0
DA:306,0
DA:307,0
DA:308,0
FN:313,AlignmentVault.acceptETHListings
FNDA:0,AlignmentVault.acceptETHListings
DA:315,0
DA:316,0
DA:317,0
DA:318,0
DA:320,0
DA:321,0
BRDA:321,3,0,-
BRDA:321,3,1,-
DA:322,0
DA:325,0
DA:326,0
DA:329,0
BRDA:329,4,0,-
BRDA:329,4,1,-
DA:331,0
DA:332,0
BRDA:332,5,0,-
BRDA:332,5,1,-
FN:335,AlignmentVault.acceptETHListings
FNDA:0,AlignmentVault.acceptETHListings
DA:341,0
DA:342,0
BRDA:342,6,0,-
BRDA:342,6,1,-
DA:343,0
DA:346,0
DA:347,0
DA:350,0
BRDA:350,7,0,-
BRDA:350,7,1,-
DA:352,0
DA:354,0
DA:355,0
DA:356,0
BRDA:356,8,0,-
BRDA:356,8,1,-
FN:361,AlignmentVault.addInventory
FNDA:1,AlignmentVault.addInventory
DA:362,3
FN:366,AlignmentVault.addLiquidity
FNDA:1,AlignmentVault.addLiquidity
DA:368,261
DA:370,261
DA:372,261
DA:374,261
DA:376,261
BRDA:376,9,0,257
BRDA:376,9,1,261
DA:378,261
BRDA:378,10,0,1
BRDA:378,10,1,1
DA:380,2
BRDA:380,11,0,1
BRDA:380,11,1,1
DA:382,1
DA:385,1
DA:386,1
DA:390,260
FN:394,AlignmentVault.deepenLiquidity
FNDA:2,AlignmentVault.deepenLiquidity
DA:400,12
DA:401,11
DA:402,10
BRDA:400,12,0,3
BRDA:400,12,1,9
DA:403,3
DA:405,9
BRDA:405,13,0,5
BRDA:405,13,1,9
DA:406,5
DA:407,5
DA:408,5
DA:411,9
DA:419,9
FN:423,AlignmentVault.stakeLiquidity
FNDA:1,AlignmentVault.stakeLiquidity
DA:425,3
DA:427,3
FN:431,AlignmentVault.claimRewards
FNDA:1,AlignmentVault.claimRewards
DA:433,2
DA:435,2
DA:437,2
DA:439,2
FN:443,AlignmentVault.compoundRewards
FNDA:1,AlignmentVault.compoundRewards
DA:445,3
DA:447,3
DA:449,3
DA:450,3
BRDA:450,14,0,1
BRDA:450,14,1,2
DA:452,2
FN:457,AlignmentVault.rescueERC20
FNDA:1,AlignmentVault.rescueERC20
DA:459,7
BRDA:459,15,0,-
BRDA:459,15,1,1
DA:460,1
DA:461,1
DA:462,1
DA:463,1
DA:466,6
DA:467,5
DA:468,4
BRDA:466,16,0,-
BRDA:466,16,1,3
DA:469,3
DA:470,3
DA:471,3
DA:472,3
DA:477,3
BRDA:477,17,0,-
BRDA:477,17,1,1
DA:478,1
DA:481,3
DA:483,3
DA:484,3
FN:487,AlignmentVault.rescueERC721
FNDA:1,AlignmentVault.rescueERC721
DA:493,3
BRDA:493,18,0,1
BRDA:493,18,1,2
DA:495,2
FN:500,AlignmentVault.
FNDA:0,AlignmentVault.
FNF:23
FNH:14
LF:144
LH:66
BRF:38
BRH:22
end_of_record
TN:
SF:src/ERC2981.sol
FN:26,ERC2981.royaltyInfo
FNDA:0,ERC2981.royaltyInfo
DA:27,0
DA:29,0
BRDA:29,0,0,-
BRDA:29,0,1,-
DA:30,0
DA:33,0
DA:35,0
FN:43,ERC2981._feeDenominator
FNDA:0,ERC2981._feeDenominator
DA:44,0
FN:55,ERC2981._setDefaultRoyalty
FNDA:0,ERC2981._setDefaultRoyalty
DA:56,0
BRDA:56,1,0,-
BRDA:56,1,1,-
DA:57,0
BRDA:57,2,0,-
BRDA:57,2,1,-
DA:59,0
DA:61,0
FN:67,ERC2981._deleteDefaultRoyalty
FNDA:0,ERC2981._deleteDefaultRoyalty
DA:68,0
FN:79,ERC2981._setTokenRoyalty
FNDA:0,ERC2981._setTokenRoyalty
DA:80,0
BRDA:80,3,0,-
BRDA:80,3,1,-
DA:81,0
BRDA:81,4,0,-
BRDA:81,4,1,-
DA:83,0
FN:89,ERC2981._resetTokenRoyalty
FNDA:0,ERC2981._resetTokenRoyalty
DA:90,0
FNF:6
FNH:0
LF:15
LH:0
BRF:10
BRH:0
end_of_record
TN:
SF:src/ERC721M.sol
FN:109,ERC721M.name
FNDA:1,ERC721M.name
DA:109,1
FN:110,ERC721M.symbol
FNDA:1,ERC721M.symbol
DA:110,1
FN:111,ERC721M.baseUri
FNDA:2,ERC721M.baseUri
DA:111,3
FN:112,ERC721M.contractURI
FNDA:1,ERC721M.contractURI
DA:112,1
FN:113,ERC721M.tokenURI
FNDA:2,ERC721M.tokenURI
DA:114,2
BRDA:114,0,0,1
BRDA:114,0,1,1
DA:115,1
DA:117,1
FN:121,ERC721M.changeFundsRecipient
FNDA:256,ERC721M.changeFundsRecipient
DA:121,256
FN:122,ERC721M.setPrice
FNDA:256,ERC721M.setPrice
DA:123,256
DA:124,256
FN:126,ERC721M.openMint
FNDA:262,ERC721M.openMint
DA:126,262
FN:127,ERC721M.updateBaseURI
FNDA:2,ERC721M.updateBaseURI
DA:128,2
BRDA:128,1,0,1
BRDA:128,1,1,1
DA:129,1
DA:130,1
DA:131,1
DA:132,1
FN:134,ERC721M.lockURI
FNDA:2,ERC721M.lockURI
DA:135,2
DA:136,2
FN:140,ERC721M.mint
FNDA:263,ERC721M.mint
DA:141,260
BRDA:141,2,0,1
BRDA:141,2,1,259
DA:142,259
FN:146,ERC721M.mintDiscounted
FNDA:0,ERC721M.mintDiscounted
DA:148,0
BRDA:148,3,0,-
BRDA:148,3,1,-
DA:149,0
DA:150,0
BRDA:150,4,0,-
BRDA:150,4,1,-
DA:151,0
DA:152,0
BRDA:152,5,0,-
BRDA:152,5,1,-
DA:153,0
BRDA:153,6,0,-
BRDA:153,6,1,-
DA:156,0
DA:157,0
FN:161,ERC721M.configureMintDiscount
FNDA:0,ERC721M.configureMintDiscount
DA:167,0
DA:168,0
BRDA:168,7,0,-
BRDA:168,7,1,-
DA:169,0
DA:171,0
DA:173,0
DA:174,0
BRDA:174,8,0,-
BRDA:174,8,1,-
DA:175,0
DA:178,0
BRDA:178,9,0,-
BRDA:178,9,1,-
DA:179,0
DA:180,0
DA:182,0
DA:183,0
DA:185,0
DA:186,0
DA:187,0
FN:193,ERC721M.mintBurn
FNDA:0,ERC721M.mintBurn
DA:198,0
BRDA:198,10,0,-
BRDA:198,10,1,-
DA:199,0
BRDA:199,11,0,-
BRDA:199,11,1,-
DA:201,0
BRDA:201,12,0,-
BRDA:201,12,1,-
DA:203,0
BRDA:203,13,0,-
BRDA:203,13,1,-
DA:205,0
DA:207,0
BRDA:207,14,0,-
BRDA:207,14,1,-
DA:209,0
DA:211,0
DA:213,0
DA:214,0
BRDA:214,15,0,-
BRDA:214,15,1,-
DA:215,0
DA:218,0
BRDA:218,16,0,-
BRDA:218,16,1,-
DA:219,0
DA:220,0
DA:222,0
DA:225,0
DA:226,0
BRDA:226,17,0,-
BRDA:226,17,1,-
DA:227,0
DA:228,0
FN:233,ERC721M.configureMintBurn
FNDA:0,ERC721M.configureMintBurn
DA:234,0
DA:235,0
BRDA:235,18,0,-
BRDA:235,18,1,-
DA:236,0
DA:237,0
DA:239,0
FN:243,ERC721M.mintLockTokens
FNDA:0,ERC721M.mintLockTokens
DA:249,0
BRDA:249,19,0,-
BRDA:249,19,1,-
DA:250,0
BRDA:250,20,0,-
BRDA:250,20,1,-
DA:252,0
BRDA:252,21,0,-
BRDA:252,21,1,-
DA:253,0
DA:254,0
DA:256,0
DA:258,0
DA:259,0
DA:260,0
DA:262,0
DA:263,0
BRDA:263,22,0,-
BRDA:263,22,1,-
DA:264,0
BRDA:264,23,0,-
BRDA:264,23,1,-
DA:265,0
BRDA:265,24,0,-
BRDA:265,24,1,-
DA:268,0
DA:269,0
DA:271,0
DA:272,0
DA:274,0
BRDA:274,25,0,-
BRDA:274,25,1,-
DA:275,0
DA:278,0
DA:279,0
DA:280,0
BRDA:280,26,0,-
BRDA:280,26,1,-
DA:283,0
DA:284,0
DA:285,0
DA:287,0
DA:289,0
DA:293,0
BRDA:293,27,0,-
BRDA:293,27,1,-
DA:295,0
BRDA:295,28,0,-
BRDA:295,28,1,-
DA:297,0
FN:301,ERC721M.configureMintLockTokens
FNDA:0,ERC721M.configureMintLockTokens
DA:309,0
DA:310,0
DA:311,0
DA:312,0
DA:313,0
BRDA:310,29,0,-
BRDA:310,29,1,-
DA:315,0
DA:316,0
DA:317,0
DA:318,0
DA:319,0
DA:320,0
DA:321,0
DA:322,0
FN:327,ERC721M.mintWithTokens
FNDA:0,ERC721M.mintWithTokens
DA:333,0
BRDA:333,30,0,-
BRDA:333,30,1,-
DA:334,0
BRDA:334,31,0,-
BRDA:334,31,1,-
DA:336,0
BRDA:336,32,0,-
BRDA:336,32,1,-
DA:337,0
DA:338,0
DA:340,0
DA:342,0
DA:343,0
DA:344,0
DA:345,0
DA:346,0
DA:349,0
BRDA:349,33,0,-
BRDA:349,33,1,-
DA:352,0
BRDA:352,34,0,-
BRDA:352,34,1,-
DA:353,0
DA:354,0
DA:355,0
BRDA:355,35,0,-
BRDA:355,35,1,-
DA:356,0
DA:360,0
DA:361,0
DA:366,0
BRDA:366,36,0,-
BRDA:366,36,1,-
DA:367,0
FN:369,ERC721M.configureMintWithTokens
FNDA:0,ERC721M.configureMintWithTokens
DA:375,0
DA:376,0
BRDA:376,37,0,-
BRDA:376,37,1,-
DA:378,0
DA:379,0
DA:380,0
DA:381,0
DA:382,0
DA:383,0
FN:387,ERC721M.mintWithNFTs
FNDA:0,ERC721M.mintWithNFTs
DA:393,0
BRDA:393,38,0,-
BRDA:393,38,1,-
DA:394,0
BRDA:394,39,0,-
BRDA:394,39,1,-
DA:396,0
BRDA:396,40,0,-
BRDA:396,40,1,-
DA:397,0
DA:398,0
DA:400,0
DA:402,0
DA:403,0
DA:404,0
DA:405,0
DA:406,0
DA:409,0
BRDA:409,41,0,-
BRDA:409,41,1,-
DA:410,0
BRDA:410,42,0,-
BRDA:410,42,1,-
DA:411,0
BRDA:411,43,0,-
BRDA:411,43,1,-
DA:414,0
DA:415,0
DA:416,0
BRDA:416,44,0,-
BRDA:416,44,1,-
DA:417,0
DA:421,0
DA:422,0
DA:426,0
BRDA:426,45,0,-
BRDA:426,45,1,-
DA:427,0
FN:429,ERC721M.configureMintWithNFTs
FNDA:0,ERC721M.configureMintWithNFTs
DA:435,0
DA:436,0
BRDA:436,46,0,-
BRDA:436,46,1,-
DA:438,0
DA:439,0
DA:440,0
DA:441,0
DA:442,0
DA:443,0
FN:448,ERC721M.wrap
FNDA:260,ERC721M.wrap
DA:448,260
FN:449,ERC721M.addInventory
FNDA:1,ERC721M.addInventory
DA:449,1
FN:450,ERC721M.addLiquidity
FNDA:1,ERC721M.addLiquidity
DA:450,1
FN:451,ERC721M.deepenLiquidity
FNDA:2,ERC721M.deepenLiquidity
DA:455,2
FN:456,ERC721M.stakeLiquidity
FNDA:1,ERC721M.stakeLiquidity
DA:456,1
FN:457,ERC721M.claimRewards
FNDA:1,ERC721M.claimRewards
DA:457,1
FN:458,ERC721M.compoundRewards
FNDA:1,ERC721M.compoundRewards
DA:458,1
FN:459,ERC721M.rescueERC20
FNDA:1,ERC721M.rescueERC20
DA:460,1
BRDA:460,47,0,-
BRDA:460,47,1,1
DA:461,1
FN:463,ERC721M.rescueERC721
FNDA:1,ERC721M.rescueERC721
DA:467,1
FN:468,ERC721M.withdrawFunds
FNDA:1,ERC721M.withdrawFunds
DA:470,1
BRDA:470,48,0,-
BRDA:470,48,1,1
DA:472,1
BRDA:472,49,0,-
BRDA:472,49,1,1
DA:473,1
FN:477,ERC721M._processPayment
FNDA:2,ERC721M._processPayment
DA:478,2
BRDA:478,50,0,-
BRDA:478,50,1,2
DA:480,2
DA:481,2
BRDA:481,51,0,-
BRDA:481,51,1,2
FN:486,ERC721M.
FNDA:1,ERC721M.
DA:486,1
FNF:33
FNH:23
LF:186
LH:37
BRF:104
BRH:11
end_of_record
TN:
SF:src/ERC721x.sol
FN:27,ERC721x.supportsInterface
FNDA:0,ERC721x.supportsInterface
DA:28,0
DA:29,0
FN:32,ERC721x.transferFrom
FNDA:0,ERC721x.transferFrom
DA:33,0
BRDA:33,0,0,-
BRDA:33,0,1,-
DA:34,0
FN:37,ERC721x.safeTransferFrom
FNDA:0,ERC721x.safeTransferFrom
DA:38,0
BRDA:38,1,0,-
BRDA:38,1,1,-
DA:39,0
FN:42,ERC721x.lockId
FNDA:0,ERC721x.lockId
DA:43,0
BRDA:43,2,0,-
BRDA:43,2,1,-
DA:44,0
FN:47,ERC721x.unlockId
FNDA:0,ERC721x.unlockId
DA:48,0
BRDA:48,3,0,-
BRDA:48,3,1,-
DA:49,0
FN:52,ERC721x.freeId
FNDA:0,ERC721x.freeId
DA:53,0
BRDA:53,4,0,-
BRDA:53,4,1,-
DA:54,0
FNF:6
FNH:0
LF:12
LH:0
BRF:10
BRH:0
end_of_record
TN:
SF:src/LockRegistry.sol
FN:19,LockRegistry.isUnlocked
FNDA:0,LockRegistry.isUnlocked
DA:20,0
FN:23,LockRegistry.updateApprovedContracts
FNDA:0,LockRegistry.updateApprovedContracts
DA:24,0
BRDA:24,0,0,-
BRDA:24,0,1,-
DA:25,0
DA:26,0
DA:28,0
FN:33,LockRegistry._lockId
FNDA:0,LockRegistry._lockId
DA:34,0
BRDA:34,1,0,-
BRDA:34,1,1,-
DA:35,0
BRDA:35,2,0,-
BRDA:35,2,1,-
DA:38,0
DA:39,0
DA:40,0
DA:41,0
DA:44,0
FN:47,LockRegistry._unlockId
FNDA:0,LockRegistry._unlockId
DA:48,0
BRDA:48,3,0,-
BRDA:48,3,1,-
DA:49,0
DA:50,0
BRDA:50,4,0,-
BRDA:50,4,1,-
DA:52,0
DA:53,0
BRDA:53,5,0,-
BRDA:53,5,1,-
DA:54,0
DA:55,0
DA:56,0
DA:57,0
DA:59,0
DA:62,0
DA:64,0
DA:67,0
FN:70,LockRegistry._freeId
FNDA:0,LockRegistry._freeId
DA:71,0
BRDA:71,6,0,-
BRDA:71,6,1,-
DA:72,0
DA:73,0
BRDA:73,7,0,-
BRDA:73,7,1,-
DA:75,0
DA:76,0
BRDA:76,8,0,-
BRDA:76,8,1,-
DA:77,0
DA:78,0
DA:79,0
DA:80,0
DA:83,0
DA:86,0
DA:88,0
DA:90,0
FNF:5
FNH:0
LF:38
LH:0
BRF:18
BRH:0
end_of_record
TN:
SF:test/TestingAlignedNFT.sol
FN:17,TestingAlignedNFT.name
FNDA:1,TestingAlignedNFT.name
DA:17,1
FN:18,TestingAlignedNFT.symbol
FNDA:1,TestingAlignedNFT.symbol
DA:18,1
FN:19,TestingAlignedNFT.tokenURI
FNDA:256,TestingAlignedNFT.tokenURI
DA:19,256
FN:21,TestingAlignedNFT.execute_changeFundsRecipient
FNDA:257,TestingAlignedNFT.execute_changeFundsRecipient
DA:21,257
FN:23,TestingAlignedNFT.execute_mint
FNDA:1796,TestingAlignedNFT.execute_mint
DA:23,1796
FN:24,TestingAlignedNFT.execute_withdrawFunds
FNDA:771,TestingAlignedNFT.execute_withdrawFunds
DA:24,771
FNF:6
FNH:6
LF:6
LH:6
BRF:0
BRH:0
end_of_record
TN:
SF:test/TestingAlignmentVault.sol
FN:12,TestingAlignmentVault.view_WETH
FNDA:2,TestingAlignmentVault.view_WETH
DA:12,2
FN:13,TestingAlignmentVault.view_SUSHI_V2_FACTORY
FNDA:1,TestingAlignmentVault.view_SUSHI_V2_FACTORY
DA:13,1
FN:14,TestingAlignmentVault.view_SUSHI_V2_ROUTER
FNDA:1,TestingAlignmentVault.view_SUSHI_V2_ROUTER
DA:14,1
FN:15,TestingAlignmentVault.view_liqHelper
FNDA:8,TestingAlignmentVault.view_liqHelper
DA:15,8
FN:17,TestingAlignmentVault.view_NFTX_VAULT_FACTORY
FNDA:1,TestingAlignmentVault.view_NFTX_VAULT_FACTORY
DA:17,1
FN:18,TestingAlignmentVault.view_NFTX_INVENTORY_STAKING
FNDA:1,TestingAlignmentVault.view_NFTX_INVENTORY_STAKING
DA:18,1
FN:19,TestingAlignmentVault.view_NFTX_LIQUIDITY_STAKING
FNDA:1,TestingAlignmentVault.view_NFTX_LIQUIDITY_STAKING
DA:19,1
FN:20,TestingAlignmentVault.view_NFTX_STAKING_ZAP
FNDA:1,TestingAlignmentVault.view_NFTX_STAKING_ZAP
DA:20,1
FN:22,TestingAlignmentVault.view_erc721
FNDA:1,TestingAlignmentVault.view_erc721
DA:22,1
FN:23,TestingAlignmentVault.view_nftxInventory
FNDA:1,TestingAlignmentVault.view_nftxInventory
DA:23,1
FN:24,TestingAlignmentVault.view_nftxLiquidity
FNDA:1,TestingAlignmentVault.view_nftxLiquidity
DA:24,1
FN:25,TestingAlignmentVault.view_vaultId
FNDA:1,TestingAlignmentVault.view_vaultId
DA:25,1
FN:27,TestingAlignmentVault.call_sortTokens
FNDA:261,TestingAlignmentVault.call_sortTokens
DA:28,261
DA:29,258
FN:31,TestingAlignmentVault.call_pairFor
FNDA:1,TestingAlignmentVault.call_pairFor
DA:32,1
FN:34,TestingAlignmentVault.call_estimateFloor
FNDA:0,TestingAlignmentVault.call_estimateFloor
DA:34,0
FN:35,TestingAlignmentVault.call_decodeSeaportCalldata
FNDA:0,TestingAlignmentVault.call_decodeSeaportCalldata
DA:39,0
FN:41,TestingAlignmentVault.execute_wrap
FNDA:258,TestingAlignmentVault.execute_wrap
DA:41,258
FN:42,TestingAlignmentVault.execute_addInventory
FNDA:2,TestingAlignmentVault.execute_addInventory
DA:42,2
FN:43,TestingAlignmentVault.execute_addLiquidity
FNDA:260,TestingAlignmentVault.execute_addLiquidity
DA:43,260
FN:44,TestingAlignmentVault.execute_deepenLiquidity
FNDA:8,TestingAlignmentVault.execute_deepenLiquidity
DA:48,8
FN:49,TestingAlignmentVault.execute_stakeLiquidity
FNDA:2,TestingAlignmentVault.execute_stakeLiquidity
DA:49,2
FN:50,TestingAlignmentVault.execute_claimRewards
FNDA:1,TestingAlignmentVault.execute_claimRewards
DA:50,1
FN:51,TestingAlignmentVault.execute_compoundRewards
FNDA:2,TestingAlignmentVault.execute_compoundRewards
DA:51,2
FN:52,TestingAlignmentVault.execute_rescueERC20
FNDA:6,TestingAlignmentVault.execute_rescueERC20
DA:53,6
FN:55,TestingAlignmentVault.execute_rescueERC721
FNDA:2,TestingAlignmentVault.execute_rescueERC721
DA:59,2
FNF:25
FNH:23
LF:26
LH:24
BRF:0
BRH:0
end_of_record
