TN:
SF:src/AlignedNFT.sol
FN:46,AlignedNFT.vaultBalance
FNDA:512,AlignedNFT.vaultBalance
DA:47,512
FN:51,AlignedNFT._changeFundsRecipient
FNDA:514,AlignedNFT._changeFundsRecipient
DA:52,514
BRDA:52,0,0,1
BRDA:52,0,1,513
DA:53,513
FN:57,AlignedNFT._setPushStatus
FNDA:512,AlignedNFT._setPushStatus
DA:58,512
FN:62,AlignedNFT._mint
FNDA:1981,AlignedNFT._mint
DA:64,1981
DA:66,1981
DA:69,1981
BRDA:69,1,0,1
BRDA:69,1,1,256
DA:70,257
DA:71,257
BRDA:71,2,0,1
BRDA:71,2,1,256
DA:74,1980
DA:77,1980
DA:78,1980
BRDA:78,3,0,-
BRDA:78,3,1,1980
DA:81,1980
FN:85,AlignedNFT._withdrawFunds
FNDA:699,AlignedNFT._withdrawFunds
DA:87,699
BRDA:87,4,0,1
BRDA:87,4,1,698
DA:88,698
BRDA:88,5,0,1
BRDA:88,5,1,697
DA:89,697
BRDA:89,6,0,256
BRDA:89,6,1,697
DA:92,697
DA:93,697
BRDA:93,7,0,1
BRDA:93,7,1,696
FNF:5
FNH:5
LF:18
LH:18
BRF:16
BRH:15
end_of_record
TN:
SF:src/AlignmentVault.sol
FN:15,AlignmentVault.checkBalanceNFT
FNDA:1,AlignmentVault.checkBalanceNFT
DA:15,1
FN:16,AlignmentVault.checkBalanceETH
FNDA:1,AlignmentVault.checkBalanceETH
DA:16,1
FN:17,AlignmentVault.checkBalanceWETH
FNDA:1,AlignmentVault.checkBalanceWETH
DA:17,1
FN:18,AlignmentVault.checkBalanceNFTXInventory
FNDA:1,AlignmentVault.checkBalanceNFTXInventory
DA:18,1
FN:19,AlignmentVault.checkBalanceNFTXLiquidity
FNDA:1,AlignmentVault.checkBalanceNFTXLiquidity
DA:19,1
FN:22,AlignmentVault.wrap
FNDA:517,AlignmentVault.wrap
DA:22,517
FN:25,AlignmentVault.addInventory
FNDA:2,AlignmentVault.addInventory
DA:25,2
FN:28,AlignmentVault.addLiquidity
FNDA:2,AlignmentVault.addLiquidity
DA:28,2
FN:31,AlignmentVault.deepenLiquidity
FNDA:5,AlignmentVault.deepenLiquidity
DA:35,5
FN:38,AlignmentVault.stakeLiquidity
FNDA:2,AlignmentVault.stakeLiquidity
DA:38,2
FN:41,AlignmentVault.claimRewards
FNDA:2,AlignmentVault.claimRewards
DA:41,2
FN:44,AlignmentVault.rescueERC20
FNDA:2,AlignmentVault.rescueERC20
DA:44,2
FN:45,AlignmentVault.rescueERC721
FNDA:2,AlignmentVault.rescueERC721
DA:49,2
FNF:13
FNH:13
LF:13
LH:13
BRF:0
BRH:0
end_of_record
TN:
SF:src/AssetManager.sol
FN:65,ERC721TokenReceiver.onERC721Received
FNDA:1,ERC721TokenReceiver.onERC721Received
DA:71,1
FN:101,AssetManager._checkBalance
FNDA:69,AssetManager._checkBalance
DA:102,69
BRDA:102,0,0,19
BRDA:102,0,1,50
DA:103,50
FN:107,AssetManager._sortTokens
FNDA:262,AssetManager._sortTokens
DA:108,262
BRDA:108,1,0,1
BRDA:108,1,1,261
DA:109,261
DA:110,261
BRDA:110,2,0,2
BRDA:110,2,1,259
FN:114,AssetManager._pairFor
FNDA:1,AssetManager._pairFor
DA:115,1
DA:116,1
FN:149,AssetManager._wrap
FNDA:780,AssetManager._wrap
DA:150,780
BRDA:150,3,0,1
BRDA:150,3,1,779
DA:151,779
FN:155,AssetManager._addInventory
FNDA:6,AssetManager._addInventory
DA:157,6
BRDA:157,4,0,1
BRDA:157,4,1,5
DA:158,5
DA:160,14
BRDA:160,5,0,1
BRDA:160,5,1,13
DA:161,13
DA:163,4
FN:166,AssetManager._addLiquidity
FNDA:7,AssetManager._addLiquidity
DA:168,7
BRDA:168,6,0,1
BRDA:168,6,1,6
DA:169,6
DA:170,6
BRDA:170,7,0,1
BRDA:170,7,1,5
DA:171,5
DA:174,5
DA:176,5
DA:178,5
DA:180,5
BRDA:180,8,0,-
BRDA:180,8,1,5
DA:181,0
DA:182,5
DA:183,5
DA:185,5
BRDA:185,9,0,-
BRDA:185,9,1,5
DA:187,5
BRDA:187,10,0,1
BRDA:187,10,1,1
DA:189,2
BRDA:189,11,0,1
BRDA:189,11,1,1
DA:191,1
DA:194,1
DA:195,1
DA:199,4
FN:203,AssetManager._deepenLiquidity
FNDA:13,AssetManager._deepenLiquidity
DA:209,13
BRDA:209,12,0,3
BRDA:209,12,1,10
DA:212,3
DA:214,10
BRDA:214,13,0,5
BRDA:214,13,1,10
DA:215,5
DA:216,5
DA:217,5
DA:220,10
DA:228,10
FN:233,AssetManager._stakeLiquidity
FNDA:4,AssetManager._stakeLiquidity
DA:235,4
DA:237,4
DA:239,4
FN:243,AssetManager._claimRewards
FNDA:3,AssetManager._claimRewards
DA:245,3
FN:249,AssetManager._rescueERC20
FNDA:8,AssetManager._rescueERC20
DA:251,8
BRDA:251,14,0,-
BRDA:251,14,1,1
DA:252,1
DA:253,1
DA:254,1
DA:255,1
DA:258,7
BRDA:258,15,0,-
BRDA:258,15,1,3
DA:261,3
DA:262,3
DA:263,3
DA:264,3
DA:269,4
BRDA:269,16,0,-
BRDA:269,16,1,1
DA:270,1
DA:273,4
DA:275,4
DA:276,4
FN:281,AssetManager._rescueERC721
FNDA:4,AssetManager._rescueERC721
DA:287,4
BRDA:287,17,0,1
BRDA:287,17,1,3
DA:289,3
FN:294,AssetManager.
FNDA:0,AssetManager.
FNF:13
FNH:12
LF:62
LH:61
BRF:36
BRH:31
end_of_record
TN:
SF:src/ERC721M.sol
FN:66,ERC721M.name
FNDA:1,ERC721M.name
DA:66,1
FN:67,ERC721M.symbol
FNDA:1,ERC721M.symbol
DA:67,1
FN:68,ERC721M.baseUri
FNDA:2,ERC721M.baseUri
DA:68,3
FN:69,ERC721M.contractURI
FNDA:1,ERC721M.contractURI
DA:69,1
FN:71,ERC721M.tokenURI
FNDA:2,ERC721M.tokenURI
DA:72,2
BRDA:72,0,0,1
BRDA:72,0,1,1
DA:73,1
DA:75,1
FN:78,ERC721M.changePushRecipient
FNDA:256,ERC721M.changePushRecipient
DA:78,256
FN:79,ERC721M.setPushStatus
FNDA:256,ERC721M.setPushStatus
DA:79,256
FN:80,ERC721M.setPrice
FNDA:256,ERC721M.setPrice
DA:81,256
DA:82,256
FN:84,ERC721M.openMint
FNDA:188,ERC721M.openMint
DA:84,188
FN:86,ERC721M.updateBaseURI
FNDA:2,ERC721M.updateBaseURI
DA:87,2
BRDA:87,1,0,1
BRDA:87,1,1,1
DA:88,1
DA:89,1
DA:90,1
DA:91,1
FN:93,ERC721M.lockURI
FNDA:2,ERC721M.lockURI
DA:94,2
DA:95,2
FN:98,ERC721M.mint
FNDA:188,ERC721M.mint
DA:99,187
BRDA:99,2,0,1
BRDA:99,2,1,186
DA:100,186
BRDA:100,3,0,1
BRDA:100,3,1,185
DA:101,185
DA:102,185
DA:103,185
FN:107,ERC721M.wrap
FNDA:259,ERC721M.wrap
DA:107,259
FN:108,ERC721M.addInventory
FNDA:1,ERC721M.addInventory
DA:108,1
FN:109,ERC721M.addLiquidity
FNDA:1,ERC721M.addLiquidity
DA:109,1
FN:110,ERC721M.deepenLiquidity
FNDA:2,ERC721M.deepenLiquidity
DA:114,2
FN:115,ERC721M.stakeLiquidity
FNDA:1,ERC721M.stakeLiquidity
DA:115,1
FN:116,ERC721M.claimRewards
FNDA:1,ERC721M.claimRewards
DA:116,1
FN:117,ERC721M.rescueERC20
FNDA:1,ERC721M.rescueERC20
DA:117,1
FN:118,ERC721M.rescueERC721
FNDA:1,ERC721M.rescueERC721
DA:122,1
FN:123,ERC721M.withdrawFunds
FNDA:184,ERC721M.withdrawFunds
DA:123,184
FN:129,ERC721M.
FNDA:1,ERC721M.
DA:130,1
DA:131,1
BRDA:131,4,0,-
BRDA:131,4,1,1
FNF:22
FNH:22
LF:35
LH:35
BRF:10
BRH:9
end_of_record
TN:
SF:test/TestingAlignedNFT.sol
FN:18,TestingAlignedNFT.name
FNDA:1,TestingAlignedNFT.name
DA:18,1
FN:19,TestingAlignedNFT.symbol
FNDA:1,TestingAlignedNFT.symbol
DA:19,1
FN:20,TestingAlignedNFT.tokenURI
FNDA:256,TestingAlignedNFT.tokenURI
DA:20,256
FN:22,TestingAlignedNFT.execute_changeFundsRecipient
FNDA:258,TestingAlignedNFT.execute_changeFundsRecipient
DA:22,258
FN:23,TestingAlignedNFT.execute_setPushStatus
FNDA:256,TestingAlignedNFT.execute_setPushStatus
DA:23,256
FN:25,TestingAlignedNFT.execute_mint
FNDA:1796,TestingAlignedNFT.execute_mint
DA:25,1796
FN:26,TestingAlignedNFT.execute_withdrawFunds
FNDA:515,TestingAlignedNFT.execute_withdrawFunds
DA:26,515
FNF:7
FNH:7
LF:7
LH:7
BRF:0
BRH:0
end_of_record
TN:
SF:test/TestingAssetManager.sol
FN:12,TestingAssetManager.view_WETH
FNDA:2,TestingAssetManager.view_WETH
DA:12,2
FN:13,TestingAssetManager.view_SUSHI_V2_FACTORY
FNDA:1,TestingAssetManager.view_SUSHI_V2_FACTORY
DA:13,1
FN:14,TestingAssetManager.view_SUSHI_V2_ROUTER
FNDA:1,TestingAssetManager.view_SUSHI_V2_ROUTER
DA:14,1
FN:15,TestingAssetManager.view_liqHelper
FNDA:8,TestingAssetManager.view_liqHelper
DA:15,8
FN:17,TestingAssetManager.view_NFTX_VAULT_FACTORY
FNDA:1,TestingAssetManager.view_NFTX_VAULT_FACTORY
DA:17,1
FN:18,TestingAssetManager.view_NFTX_INVENTORY_STAKING
FNDA:1,TestingAssetManager.view_NFTX_INVENTORY_STAKING
DA:18,1
FN:19,TestingAssetManager.view_NFTX_LIQUIDITY_STAKING
FNDA:1,TestingAssetManager.view_NFTX_LIQUIDITY_STAKING
DA:19,1
FN:20,TestingAssetManager.view_NFTX_STAKING_ZAP
FNDA:1,TestingAssetManager.view_NFTX_STAKING_ZAP
DA:20,1
FN:22,TestingAssetManager.view_erc721
FNDA:1,TestingAssetManager.view_erc721
DA:22,1
FN:23,TestingAssetManager.view_nftxInventory
FNDA:1,TestingAssetManager.view_nftxInventory
DA:23,1
FN:24,TestingAssetManager.view_nftxLiquidity
FNDA:1,TestingAssetManager.view_nftxLiquidity
DA:24,1
FN:25,TestingAssetManager.view_vaultId
FNDA:1,TestingAssetManager.view_vaultId
DA:25,1
FN:27,TestingAssetManager.call_checkBalance
FNDA:2,TestingAssetManager.call_checkBalance
DA:27,2
FN:28,TestingAssetManager.call_sortTokens
FNDA:261,TestingAssetManager.call_sortTokens
DA:29,261
DA:30,258
FN:32,TestingAssetManager.call_pairFor
FNDA:1,TestingAssetManager.call_pairFor
DA:33,1
FN:36,TestingAssetManager.execute_wrap
FNDA:257,TestingAssetManager.execute_wrap
DA:36,257
FN:37,TestingAssetManager.execute_addInventory
FNDA:4,TestingAssetManager.execute_addInventory
DA:37,4
FN:38,TestingAssetManager.execute_addLiquidity
FNDA:5,TestingAssetManager.execute_addLiquidity
DA:38,5
FN:39,TestingAssetManager.execute_deepenLiquidity
FNDA:8,TestingAssetManager.execute_deepenLiquidity
DA:43,8
FN:44,TestingAssetManager.execute_stakeLiquidity
FNDA:2,TestingAssetManager.execute_stakeLiquidity
DA:44,2
FN:45,TestingAssetManager.execute_claimRewards
FNDA:1,TestingAssetManager.execute_claimRewards
DA:45,1
FN:46,TestingAssetManager.execute_rescueERC20
FNDA:6,TestingAssetManager.execute_rescueERC20
DA:47,6
FN:49,TestingAssetManager.execute_rescueERC721
FNDA:2,TestingAssetManager.execute_rescueERC721
DA:53,2
FNF:23
FNH:23
LF:24
LH:24
BRF:0
BRH:0
end_of_record
